{"/Users/shaunorpen/Lambda/2019-11-18/knexfile.js": {"path":"/Users/shaunorpen/Lambda/2019-11-18/knexfile.js","statementMap":{"0":{"start":{"line":1,"column":0},"end":{"line":1,"column":27}},"1":{"start":{"line":3,"column":0},"end":{"line":52,"column":2}},"2":{"start":{"line":17,"column":8},"end":{"line":17,"column":49}},"3":{"start":{"line":36,"column":8},"end":{"line":36,"column":49}}},"fnMap":{"0":{"name":"(anonymous_0)","decl":{"start":{"line":16,"column":19},"end":{"line":16,"column":20}},"loc":{"start":{"line":16,"column":35},"end":{"line":18,"column":7}},"line":16},"1":{"name":"(anonymous_1)","decl":{"start":{"line":35,"column":19},"end":{"line":35,"column":20}},"loc":{"start":{"line":35,"column":35},"end":{"line":37,"column":7}},"line":35}},"branchMap":{},"s":{"0":4,"1":4,"2":4,"3":0},"f":{"0":4,"1":0},"b":{},"_coverageSchema":"43e27e138ebf9cfc5966b082cf9a028302ed4184","hash":"3d0dcb7e19636ecfb032a5b0e92a5fbdd7e32e72"}
,"/Users/shaunorpen/Lambda/2019-11-18/api/server.js": {"path":"/Users/shaunorpen/Lambda/2019-11-18/api/server.js","statementMap":{"0":{"start":{"line":1,"column":13},"end":{"line":1,"column":28}},"1":{"start":{"line":2,"column":16},"end":{"line":2,"column":34}},"2":{"start":{"line":3,"column":15},"end":{"line":3,"column":32}},"3":{"start":{"line":4,"column":16},"end":{"line":4,"column":42}},"4":{"start":{"line":5,"column":25},"end":{"line":5,"column":65}},"5":{"start":{"line":7,"column":19},"end":{"line":7,"column":48}},"6":{"start":{"line":8,"column":21},"end":{"line":8,"column":54}},"7":{"start":{"line":9,"column":20},"end":{"line":9,"column":51}},"8":{"start":{"line":10,"column":20},"end":{"line":10,"column":51}},"9":{"start":{"line":12,"column":22},"end":{"line":24,"column":1}},"10":{"start":{"line":26,"column":15},"end":{"line":26,"column":24}},"11":{"start":{"line":28,"column":0},"end":{"line":28,"column":19}},"12":{"start":{"line":29,"column":0},"end":{"line":29,"column":27}},"13":{"start":{"line":30,"column":0},"end":{"line":30,"column":21}},"14":{"start":{"line":31,"column":0},"end":{"line":31,"column":35}},"15":{"start":{"line":33,"column":0},"end":{"line":33,"column":36}},"16":{"start":{"line":34,"column":0},"end":{"line":34,"column":40}},"17":{"start":{"line":35,"column":0},"end":{"line":35,"column":38}},"18":{"start":{"line":36,"column":0},"end":{"line":36,"column":38}},"19":{"start":{"line":38,"column":0},"end":{"line":42,"column":3}},"20":{"start":{"line":39,"column":2},"end":{"line":41,"column":77}},"21":{"start":{"line":44,"column":0},"end":{"line":44,"column":24}}},"fnMap":{"0":{"name":"(anonymous_0)","decl":{"start":{"line":38,"column":16},"end":{"line":38,"column":17}},"loc":{"start":{"line":38,"column":30},"end":{"line":42,"column":1}},"line":38}},"branchMap":{},"s":{"0":4,"1":4,"2":4,"3":4,"4":4,"5":4,"6":4,"7":4,"8":4,"9":4,"10":4,"11":4,"12":4,"13":4,"14":4,"15":4,"16":4,"17":4,"18":4,"19":4,"20":0,"21":4},"f":{"0":0},"b":{},"_coverageSchema":"43e27e138ebf9cfc5966b082cf9a028302ed4184","hash":"6288008e060c4f6094cca1107da2bba844326884"}
,"/Users/shaunorpen/Lambda/2019-11-18/auth/authMiddleware.js": {"path":"/Users/shaunorpen/Lambda/2019-11-18/auth/authMiddleware.js","statementMap":{"0":{"start":{"line":1,"column":15},"end":{"line":1,"column":32}},"1":{"start":{"line":2,"column":24},"end":{"line":2,"column":46}},"2":{"start":{"line":5,"column":30},"end":{"line":5,"column":38}},"3":{"start":{"line":6,"column":2},"end":{"line":23,"column":3}},"4":{"start":{"line":7,"column":4},"end":{"line":20,"column":9}},"5":{"start":{"line":9,"column":8},"end":{"line":16,"column":9}},"6":{"start":{"line":10,"column":10},"end":{"line":10,"column":34}},"7":{"start":{"line":11,"column":10},"end":{"line":11,"column":17}},"8":{"start":{"line":13,"column":10},"end":{"line":15,"column":13}},"9":{"start":{"line":19,"column":8},"end":{"line":19,"column":57}},"10":{"start":{"line":22,"column":4},"end":{"line":22,"column":80}},"11":{"start":{"line":27,"column":2},"end":{"line":31,"column":3}},"12":{"start":{"line":28,"column":4},"end":{"line":28,"column":11}},"13":{"start":{"line":30,"column":4},"end":{"line":30,"column":80}},"14":{"start":{"line":34,"column":0},"end":{"line":37,"column":2}}},"fnMap":{"0":{"name":"validateLogin","decl":{"start":{"line":4,"column":9},"end":{"line":4,"column":22}},"loc":{"start":{"line":4,"column":39},"end":{"line":24,"column":1}},"line":4},"1":{"name":"(anonymous_1)","decl":{"start":{"line":8,"column":12},"end":{"line":8,"column":13}},"loc":{"start":{"line":8,"column":20},"end":{"line":17,"column":7}},"line":8},"2":{"name":"(anonymous_2)","decl":{"start":{"line":18,"column":13},"end":{"line":18,"column":14}},"loc":{"start":{"line":18,"column":22},"end":{"line":20,"column":7}},"line":18},"3":{"name":"restricted","decl":{"start":{"line":26,"column":9},"end":{"line":26,"column":19}},"loc":{"start":{"line":26,"column":36},"end":{"line":32,"column":1}},"line":26}},"branchMap":{"0":{"loc":{"start":{"line":6,"column":2},"end":{"line":23,"column":3}},"type":"if","locations":[{"start":{"line":6,"column":2},"end":{"line":23,"column":3}},{"start":{"line":6,"column":2},"end":{"line":23,"column":3}}],"line":6},"1":{"loc":{"start":{"line":6,"column":6},"end":{"line":6,"column":23}},"type":"binary-expr","locations":[{"start":{"line":6,"column":6},"end":{"line":6,"column":11}},{"start":{"line":6,"column":15},"end":{"line":6,"column":23}}],"line":6},"2":{"loc":{"start":{"line":9,"column":8},"end":{"line":16,"column":9}},"type":"if","locations":[{"start":{"line":9,"column":8},"end":{"line":16,"column":9}},{"start":{"line":9,"column":8},"end":{"line":16,"column":9}}],"line":9},"3":{"loc":{"start":{"line":9,"column":12},"end":{"line":9,"column":63}},"type":"binary-expr","locations":[{"start":{"line":9,"column":12},"end":{"line":9,"column":16}},{"start":{"line":9,"column":20},"end":{"line":9,"column":63}}],"line":9},"4":{"loc":{"start":{"line":27,"column":2},"end":{"line":31,"column":3}},"type":"if","locations":[{"start":{"line":27,"column":2},"end":{"line":31,"column":3}},{"start":{"line":27,"column":2},"end":{"line":31,"column":3}}],"line":27},"5":{"loc":{"start":{"line":27,"column":6},"end":{"line":27,"column":37}},"type":"binary-expr","locations":[{"start":{"line":27,"column":6},"end":{"line":27,"column":17}},{"start":{"line":27,"column":21},"end":{"line":27,"column":37}}],"line":27}},"s":{"0":4,"1":4,"2":8,"3":8,"4":6,"5":6,"6":4,"7":4,"8":2,"9":0,"10":2,"11":33,"12":24,"13":9,"14":4},"f":{"0":8,"1":6,"2":0,"3":33},"b":{"0":[6,2],"1":[8,7],"2":[4,2],"3":[6,5],"4":[24,9],"5":[33,33]},"_coverageSchema":"43e27e138ebf9cfc5966b082cf9a028302ed4184","hash":"68cce736ce65ff45587ddf5001ea1f50437ef1d6"}
,"/Users/shaunorpen/Lambda/2019-11-18/auth/authModel.js": {"path":"/Users/shaunorpen/Lambda/2019-11-18/auth/authModel.js","statementMap":{"0":{"start":{"line":1,"column":24},"end":{"line":1,"column":63}},"1":{"start":{"line":3,"column":0},"end":{"line":5,"column":2}}},"fnMap":{},"branchMap":{},"s":{"0":4,"1":4},"f":{},"b":{},"_coverageSchema":"43e27e138ebf9cfc5966b082cf9a028302ed4184","hash":"d0afd7a432c9093554a67bba02dfe05a51f8643d"}
,"/Users/shaunorpen/Lambda/2019-11-18/auth/authRouter.js": {"path":"/Users/shaunorpen/Lambda/2019-11-18/auth/authRouter.js","statementMap":{"0":{"start":{"line":1,"column":16},"end":{"line":1,"column":34}},"1":{"start":{"line":2,"column":26},"end":{"line":2,"column":53}},"2":{"start":{"line":4,"column":15},"end":{"line":4,"column":31}},"3":{"start":{"line":6,"column":0},"end":{"line":11,"column":3}},"4":{"start":{"line":7,"column":2},"end":{"line":10,"column":5}},"5":{"start":{"line":13,"column":0},"end":{"line":27,"column":3}},"6":{"start":{"line":14,"column":2},"end":{"line":26,"column":3}},"7":{"start":{"line":15,"column":4},"end":{"line":23,"column":7}},"8":{"start":{"line":16,"column":6},"end":{"line":22,"column":7}},"9":{"start":{"line":17,"column":8},"end":{"line":17,"column":57}},"10":{"start":{"line":19,"column":8},"end":{"line":21,"column":73}},"11":{"start":{"line":25,"column":4},"end":{"line":25,"column":14}},"12":{"start":{"line":29,"column":0},"end":{"line":29,"column":24}}},"fnMap":{"0":{"name":"(anonymous_0)","decl":{"start":{"line":6,"column":37},"end":{"line":6,"column":38}},"loc":{"start":{"line":6,"column":51},"end":{"line":11,"column":1}},"line":6},"1":{"name":"(anonymous_1)","decl":{"start":{"line":13,"column":22},"end":{"line":13,"column":23}},"loc":{"start":{"line":13,"column":36},"end":{"line":27,"column":1}},"line":13},"2":{"name":"(anonymous_2)","decl":{"start":{"line":15,"column":24},"end":{"line":15,"column":25}},"loc":{"start":{"line":15,"column":33},"end":{"line":23,"column":5}},"line":15}},"branchMap":{"0":{"loc":{"start":{"line":14,"column":2},"end":{"line":26,"column":3}},"type":"if","locations":[{"start":{"line":14,"column":2},"end":{"line":26,"column":3}},{"start":{"line":14,"column":2},"end":{"line":26,"column":3}}],"line":14},"1":{"loc":{"start":{"line":16,"column":6},"end":{"line":22,"column":7}},"type":"if","locations":[{"start":{"line":16,"column":6},"end":{"line":22,"column":7}},{"start":{"line":16,"column":6},"end":{"line":22,"column":7}}],"line":16}},"s":{"0":4,"1":4,"2":4,"3":4,"4":4,"5":4,"6":2,"7":2,"8":2,"9":0,"10":2,"11":0,"12":4},"f":{"0":4,"1":2,"2":2},"b":{"0":[2,0],"1":[0,2]},"_coverageSchema":"43e27e138ebf9cfc5966b082cf9a028302ed4184","hash":"a8dbd8aa2bd1700541a3b86ed6cab15472722d2b"}
,"/Users/shaunorpen/Lambda/2019-11-18/database/dbConfig.js": {"path":"/Users/shaunorpen/Lambda/2019-11-18/database/dbConfig.js","statementMap":{"0":{"start":{"line":1,"column":13},"end":{"line":1,"column":28}},"1":{"start":{"line":2,"column":19},"end":{"line":2,"column":44}},"2":{"start":{"line":4,"column":20},"end":{"line":4,"column":38}},"3":{"start":{"line":6,"column":0},"end":{"line":6,"column":47}}},"fnMap":{},"branchMap":{},"s":{"0":4,"1":4,"2":4,"3":4},"f":{},"b":{},"_coverageSchema":"43e27e138ebf9cfc5966b082cf9a028302ed4184","hash":"d6345654d52c17636a2d627a5d3bd1760973f222"}
,"/Users/shaunorpen/Lambda/2019-11-18/database/utilityFunctions.js": {"path":"/Users/shaunorpen/Lambda/2019-11-18/database/utilityFunctions.js","statementMap":{"0":{"start":{"line":1,"column":11},"end":{"line":1,"column":32}},"1":{"start":{"line":4,"column":2},"end":{"line":6,"column":13}},"2":{"start":{"line":10,"column":2},"end":{"line":13,"column":13}},"3":{"start":{"line":16,"column":0},"end":{"line":19,"column":2}}},"fnMap":{"0":{"name":"findByEmail","decl":{"start":{"line":3,"column":9},"end":{"line":3,"column":20}},"loc":{"start":{"line":3,"column":28},"end":{"line":7,"column":1}},"line":3},"1":{"name":"findById","decl":{"start":{"line":9,"column":9},"end":{"line":9,"column":17}},"loc":{"start":{"line":9,"column":22},"end":{"line":14,"column":1}},"line":9}},"branchMap":{},"s":{"0":4,"1":10,"2":16,"3":4},"f":{"0":10,"1":16},"b":{},"_coverageSchema":"43e27e138ebf9cfc5966b082cf9a028302ed4184","hash":"0bf10a7dfda6a5861613ece62b1d6685537ebbbb"}
,"/Users/shaunorpen/Lambda/2019-11-18/database/seeds/00-cleanup.js": {"path":"/Users/shaunorpen/Lambda/2019-11-18/database/seeds/00-cleanup.js","statementMap":{"0":{"start":{"line":1,"column":0},"end":{"line":10,"column":2}},"1":{"start":{"line":2,"column":2},"end":{"line":9,"column":3}},"2":{"start":{"line":6,"column":4},"end":{"line":6,"column":35}},"3":{"start":{"line":7,"column":4},"end":{"line":7,"column":36}},"4":{"start":{"line":8,"column":4},"end":{"line":8,"column":35}}},"fnMap":{"0":{"name":"(anonymous_0)","decl":{"start":{"line":1,"column":15},"end":{"line":1,"column":16}},"loc":{"start":{"line":1,"column":36},"end":{"line":10,"column":1}},"line":1}},"branchMap":{"0":{"loc":{"start":{"line":2,"column":2},"end":{"line":9,"column":3}},"type":"if","locations":[{"start":{"line":2,"column":2},"end":{"line":9,"column":3}},{"start":{"line":2,"column":2},"end":{"line":9,"column":3}}],"line":2},"1":{"loc":{"start":{"line":3,"column":4},"end":{"line":4,"column":36}},"type":"binary-expr","locations":[{"start":{"line":3,"column":4},"end":{"line":3,"column":40}},{"start":{"line":4,"column":4},"end":{"line":4,"column":36}}],"line":3}},"s":{"0":4,"1":4,"2":4,"3":4,"4":3},"f":{"0":4},"b":{"0":[4,0],"1":[4,0]},"_coverageSchema":"43e27e138ebf9cfc5966b082cf9a028302ed4184","hash":"93d45d65ebf92e12fce74b6b8fb0e6cec3d582dd"}
,"/Users/shaunorpen/Lambda/2019-11-18/database/seeds/01-users.js": {"path":"/Users/shaunorpen/Lambda/2019-11-18/database/seeds/01-users.js","statementMap":{"0":{"start":{"line":1,"column":0},"end":{"line":25,"column":2}},"1":{"start":{"line":2,"column":2},"end":{"line":24,"column":5}}},"fnMap":{"0":{"name":"(anonymous_0)","decl":{"start":{"line":1,"column":15},"end":{"line":1,"column":16}},"loc":{"start":{"line":1,"column":30},"end":{"line":25,"column":1}},"line":1}},"branchMap":{},"s":{"0":4,"1":3},"f":{"0":3},"b":{},"_coverageSchema":"43e27e138ebf9cfc5966b082cf9a028302ed4184","hash":"12d230b3018bbdcea3be70a6aadb1649f3f805c3"}
,"/Users/shaunorpen/Lambda/2019-11-18/database/seeds/02-issues.js": {"path":"/Users/shaunorpen/Lambda/2019-11-18/database/seeds/02-issues.js","statementMap":{"0":{"start":{"line":1,"column":0},"end":{"line":52,"column":2}},"1":{"start":{"line":2,"column":2},"end":{"line":51,"column":5}}},"fnMap":{"0":{"name":"(anonymous_0)","decl":{"start":{"line":1,"column":15},"end":{"line":1,"column":16}},"loc":{"start":{"line":1,"column":30},"end":{"line":52,"column":1}},"line":1}},"branchMap":{},"s":{"0":4,"1":3},"f":{"0":3},"b":{},"_coverageSchema":"43e27e138ebf9cfc5966b082cf9a028302ed4184","hash":"df2ef8ed2808b232e65d91abf017e53e25094e4e"}
,"/Users/shaunorpen/Lambda/2019-11-18/database/seeds/03-votes.js": {"path":"/Users/shaunorpen/Lambda/2019-11-18/database/seeds/03-votes.js","statementMap":{"0":{"start":{"line":1,"column":0},"end":{"line":28,"column":2}},"1":{"start":{"line":2,"column":2},"end":{"line":27,"column":5}}},"fnMap":{"0":{"name":"(anonymous_0)","decl":{"start":{"line":1,"column":15},"end":{"line":1,"column":16}},"loc":{"start":{"line":1,"column":30},"end":{"line":28,"column":1}},"line":1}},"branchMap":{},"s":{"0":4,"1":3},"f":{"0":3},"b":{},"_coverageSchema":"43e27e138ebf9cfc5966b082cf9a028302ed4184","hash":"f2b3582a569c9b8349d7329a50b5286f9dacf5c7"}
,"/Users/shaunorpen/Lambda/2019-11-18/issues/issuesMiddleware.js": {"path":"/Users/shaunorpen/Lambda/2019-11-18/issues/issuesMiddleware.js","statementMap":{"0":{"start":{"line":1,"column":15},"end":{"line":1,"column":39}},"1":{"start":{"line":4,"column":2},"end":{"line":18,"column":7}},"2":{"start":{"line":7,"column":6},"end":{"line":14,"column":7}},"3":{"start":{"line":8,"column":8},"end":{"line":8,"column":26}},"4":{"start":{"line":9,"column":8},"end":{"line":9,"column":15}},"5":{"start":{"line":11,"column":8},"end":{"line":13,"column":76}},"6":{"start":{"line":17,"column":6},"end":{"line":17,"column":55}},"7":{"start":{"line":22,"column":2},"end":{"line":36,"column":3}},"8":{"start":{"line":30,"column":4},"end":{"line":30,"column":11}},"9":{"start":{"line":32,"column":4},"end":{"line":35,"column":7}},"10":{"start":{"line":40,"column":2},"end":{"line":56,"column":3}},"11":{"start":{"line":50,"column":4},"end":{"line":53,"column":7}},"12":{"start":{"line":55,"column":4},"end":{"line":55,"column":11}},"13":{"start":{"line":59,"column":0},"end":{"line":59,"column":75}}},"fnMap":{"0":{"name":"validateIssue","decl":{"start":{"line":3,"column":9},"end":{"line":3,"column":22}},"loc":{"start":{"line":3,"column":39},"end":{"line":19,"column":1}},"line":3},"1":{"name":"(anonymous_1)","decl":{"start":{"line":6,"column":10},"end":{"line":6,"column":11}},"loc":{"start":{"line":6,"column":19},"end":{"line":15,"column":5}},"line":6},"2":{"name":"(anonymous_2)","decl":{"start":{"line":16,"column":11},"end":{"line":16,"column":12}},"loc":{"start":{"line":16,"column":20},"end":{"line":18,"column":5}},"line":16},"3":{"name":"validateNewIssue","decl":{"start":{"line":21,"column":9},"end":{"line":21,"column":25}},"loc":{"start":{"line":21,"column":42},"end":{"line":37,"column":1}},"line":21},"4":{"name":"validateUpdatedIssue","decl":{"start":{"line":39,"column":9},"end":{"line":39,"column":29}},"loc":{"start":{"line":39,"column":46},"end":{"line":57,"column":1}},"line":39}},"branchMap":{"0":{"loc":{"start":{"line":7,"column":6},"end":{"line":14,"column":7}},"type":"if","locations":[{"start":{"line":7,"column":6},"end":{"line":14,"column":7}},{"start":{"line":7,"column":6},"end":{"line":14,"column":7}}],"line":7},"1":{"loc":{"start":{"line":22,"column":2},"end":{"line":36,"column":3}},"type":"if","locations":[{"start":{"line":22,"column":2},"end":{"line":36,"column":3}},{"start":{"line":22,"column":2},"end":{"line":36,"column":3}}],"line":22},"2":{"loc":{"start":{"line":23,"column":4},"end":{"line":28,"column":19}},"type":"binary-expr","locations":[{"start":{"line":23,"column":4},"end":{"line":23,"column":12}},{"start":{"line":24,"column":4},"end":{"line":24,"column":24}},{"start":{"line":25,"column":4},"end":{"line":25,"column":21}},{"start":{"line":26,"column":4},"end":{"line":26,"column":22}},{"start":{"line":27,"column":4},"end":{"line":27,"column":20}},{"start":{"line":28,"column":4},"end":{"line":28,"column":19}}],"line":23},"3":{"loc":{"start":{"line":40,"column":2},"end":{"line":56,"column":3}},"type":"if","locations":[{"start":{"line":40,"column":2},"end":{"line":56,"column":3}},{"start":{"line":40,"column":2},"end":{"line":56,"column":3}}],"line":40},"4":{"loc":{"start":{"line":41,"column":4},"end":{"line":48,"column":5}},"type":"binary-expr","locations":[{"start":{"line":41,"column":4},"end":{"line":41,"column":12}},{"start":{"line":42,"column":4},"end":{"line":48,"column":5}}],"line":41},"5":{"loc":{"start":{"line":43,"column":6},"end":{"line":47,"column":21}},"type":"binary-expr","locations":[{"start":{"line":43,"column":6},"end":{"line":43,"column":26}},{"start":{"line":44,"column":6},"end":{"line":44,"column":23}},{"start":{"line":45,"column":6},"end":{"line":45,"column":24}},{"start":{"line":46,"column":6},"end":{"line":46,"column":22}},{"start":{"line":47,"column":6},"end":{"line":47,"column":21}}],"line":43}},"s":{"0":4,"1":17,"2":17,"3":15,"4":15,"5":2,"6":0,"7":2,"8":1,"9":1,"10":2,"11":1,"12":1,"13":4},"f":{"0":17,"1":17,"2":0,"3":2,"4":2},"b":{"0":[15,2],"1":[1,1],"2":[2,2,2,2,1,1],"3":[1,1],"4":[2,2],"5":[2,2,1,1,1]},"_coverageSchema":"43e27e138ebf9cfc5966b082cf9a028302ed4184","hash":"6f6c447faff32dc343b24e5c77b83d250167d5f6"}
,"/Users/shaunorpen/Lambda/2019-11-18/issues/issuesModel.js": {"path":"/Users/shaunorpen/Lambda/2019-11-18/issues/issuesModel.js","statementMap":{"0":{"start":{"line":1,"column":11},"end":{"line":1,"column":42}},"1":{"start":{"line":4,"column":2},"end":{"line":18,"column":13}},"2":{"start":{"line":21,"column":0},"end":{"line":73,"column":2}},"3":{"start":{"line":23,"column":4},"end":{"line":48,"column":32}},"4":{"start":{"line":52,"column":4},"end":{"line":54,"column":40}},"5":{"start":{"line":54,"column":22},"end":{"line":54,"column":38}},"6":{"start":{"line":57,"column":4},"end":{"line":60,"column":36}},"7":{"start":{"line":60,"column":18},"end":{"line":60,"column":34}},"8":{"start":{"line":63,"column":4},"end":{"line":65,"column":13}},"9":{"start":{"line":68,"column":4},"end":{"line":71,"column":70}}},"fnMap":{"0":{"name":"getIssueById","decl":{"start":{"line":3,"column":9},"end":{"line":3,"column":21}},"loc":{"start":{"line":3,"column":26},"end":{"line":19,"column":1}},"line":3},"1":{"name":"(anonymous_1)","decl":{"start":{"line":22,"column":16},"end":{"line":22,"column":17}},"loc":{"start":{"line":22,"column":22},"end":{"line":49,"column":3}},"line":22},"2":{"name":"(anonymous_2)","decl":{"start":{"line":51,"column":15},"end":{"line":51,"column":16}},"loc":{"start":{"line":51,"column":24},"end":{"line":55,"column":3}},"line":51},"3":{"name":"(anonymous_3)","decl":{"start":{"line":54,"column":12},"end":{"line":54,"column":13}},"loc":{"start":{"line":54,"column":22},"end":{"line":54,"column":38}},"line":54},"4":{"name":"(anonymous_4)","decl":{"start":{"line":56,"column":15},"end":{"line":56,"column":16}},"loc":{"start":{"line":56,"column":30},"end":{"line":61,"column":3}},"line":56},"5":{"name":"(anonymous_5)","decl":{"start":{"line":60,"column":12},"end":{"line":60,"column":13}},"loc":{"start":{"line":60,"column":18},"end":{"line":60,"column":34}},"line":60},"6":{"name":"(anonymous_6)","decl":{"start":{"line":62,"column":15},"end":{"line":62,"column":16}},"loc":{"start":{"line":62,"column":21},"end":{"line":66,"column":3}},"line":62},"7":{"name":"(anonymous_7)","decl":{"start":{"line":67,"column":20},"end":{"line":67,"column":21}},"loc":{"start":{"line":67,"column":26},"end":{"line":72,"column":3}},"line":67}},"branchMap":{},"s":{"0":4,"1":23,"2":4,"3":2,"4":1,"5":1,"6":1,"7":1,"8":1,"9":12},"f":{"0":23,"1":2,"2":1,"3":1,"4":1,"5":1,"6":1,"7":12},"b":{},"_coverageSchema":"43e27e138ebf9cfc5966b082cf9a028302ed4184","hash":"dac1badf95b1df528f860a0b67da99e3e6556177"}
,"/Users/shaunorpen/Lambda/2019-11-18/issues/issuesRouter.js": {"path":"/Users/shaunorpen/Lambda/2019-11-18/issues/issuesRouter.js","statementMap":{"0":{"start":{"line":1,"column":16},"end":{"line":1,"column":34}},"1":{"start":{"line":2,"column":23},"end":{"line":2,"column":56}},"2":{"start":{"line":7,"column":4},"end":{"line":7,"column":33}},"3":{"start":{"line":8,"column":15},"end":{"line":8,"column":39}},"4":{"start":{"line":10,"column":15},"end":{"line":10,"column":31}},"5":{"start":{"line":12,"column":0},"end":{"line":19,"column":3}},"6":{"start":{"line":13,"column":2},"end":{"line":18,"column":3}},"7":{"start":{"line":14,"column":17},"end":{"line":14,"column":44}},"8":{"start":{"line":15,"column":4},"end":{"line":15,"column":31}},"9":{"start":{"line":17,"column":4},"end":{"line":17,"column":53}},"10":{"start":{"line":21,"column":0},"end":{"line":32,"column":3}},"11":{"start":{"line":22,"column":2},"end":{"line":31,"column":3}},"12":{"start":{"line":23,"column":18},"end":{"line":23,"column":62}},"13":{"start":{"line":24,"column":19},"end":{"line":27,"column":5}},"14":{"start":{"line":28,"column":4},"end":{"line":28,"column":33}},"15":{"start":{"line":30,"column":4},"end":{"line":30,"column":53}},"16":{"start":{"line":34,"column":0},"end":{"line":43,"column":3}},"17":{"start":{"line":35,"column":2},"end":{"line":42,"column":7}},"18":{"start":{"line":38,"column":6},"end":{"line":38,"column":33}},"19":{"start":{"line":41,"column":6},"end":{"line":41,"column":55}},"20":{"start":{"line":45,"column":0},"end":{"line":60,"column":2}},"21":{"start":{"line":51,"column":4},"end":{"line":58,"column":9}},"22":{"start":{"line":54,"column":8},"end":{"line":54,"column":35}},"23":{"start":{"line":57,"column":8},"end":{"line":57,"column":57}},"24":{"start":{"line":62,"column":0},"end":{"line":73,"column":3}},"25":{"start":{"line":63,"column":2},"end":{"line":72,"column":7}},"26":{"start":{"line":66,"column":6},"end":{"line":68,"column":78}},"27":{"start":{"line":71,"column":6},"end":{"line":71,"column":55}},"28":{"start":{"line":75,"column":0},"end":{"line":75,"column":24}}},"fnMap":{"0":{"name":"(anonymous_0)","decl":{"start":{"line":12,"column":16},"end":{"line":12,"column":17}},"loc":{"start":{"line":12,"column":36},"end":{"line":19,"column":1}},"line":12},"1":{"name":"(anonymous_1)","decl":{"start":{"line":21,"column":34},"end":{"line":21,"column":35}},"loc":{"start":{"line":21,"column":54},"end":{"line":32,"column":1}},"line":21},"2":{"name":"(anonymous_2)","decl":{"start":{"line":34,"column":47},"end":{"line":34,"column":48}},"loc":{"start":{"line":34,"column":61},"end":{"line":43,"column":1}},"line":34},"3":{"name":"(anonymous_3)","decl":{"start":{"line":37,"column":10},"end":{"line":37,"column":11}},"loc":{"start":{"line":37,"column":18},"end":{"line":39,"column":5}},"line":37},"4":{"name":"(anonymous_4)","decl":{"start":{"line":40,"column":11},"end":{"line":40,"column":12}},"loc":{"start":{"line":40,"column":20},"end":{"line":42,"column":5}},"line":40},"5":{"name":"(anonymous_5)","decl":{"start":{"line":50,"column":2},"end":{"line":50,"column":3}},"loc":{"start":{"line":50,"column":16},"end":{"line":59,"column":3}},"line":50},"6":{"name":"(anonymous_6)","decl":{"start":{"line":53,"column":12},"end":{"line":53,"column":13}},"loc":{"start":{"line":53,"column":20},"end":{"line":55,"column":7}},"line":53},"7":{"name":"(anonymous_7)","decl":{"start":{"line":56,"column":13},"end":{"line":56,"column":14}},"loc":{"start":{"line":56,"column":22},"end":{"line":58,"column":7}},"line":56},"8":{"name":"(anonymous_8)","decl":{"start":{"line":62,"column":49},"end":{"line":62,"column":50}},"loc":{"start":{"line":62,"column":63},"end":{"line":73,"column":1}},"line":62},"9":{"name":"(anonymous_9)","decl":{"start":{"line":65,"column":10},"end":{"line":65,"column":11}},"loc":{"start":{"line":65,"column":16},"end":{"line":69,"column":5}},"line":65},"10":{"name":"(anonymous_10)","decl":{"start":{"line":70,"column":11},"end":{"line":70,"column":12}},"loc":{"start":{"line":70,"column":20},"end":{"line":72,"column":5}},"line":70}},"branchMap":{},"s":{"0":4,"1":4,"2":4,"3":4,"4":4,"5":4,"6":2,"7":2,"8":2,"9":0,"10":4,"11":12,"12":12,"13":12,"14":12,"15":0,"16":4,"17":1,"18":1,"19":0,"20":4,"21":1,"22":1,"23":0,"24":4,"25":1,"26":1,"27":0,"28":4},"f":{"0":2,"1":12,"2":1,"3":1,"4":0,"5":1,"6":1,"7":0,"8":1,"9":1,"10":0},"b":{},"_coverageSchema":"43e27e138ebf9cfc5966b082cf9a028302ed4184","hash":"e9fa55bf953374d932a9bab261e42d8b151950ed"}
,"/Users/shaunorpen/Lambda/2019-11-18/users/usersMiddleware.js": {"path":"/Users/shaunorpen/Lambda/2019-11-18/users/usersMiddleware.js","statementMap":{"0":{"start":{"line":1,"column":14},"end":{"line":1,"column":37}},"1":{"start":{"line":4,"column":2},"end":{"line":18,"column":7}},"2":{"start":{"line":7,"column":6},"end":{"line":14,"column":7}},"3":{"start":{"line":8,"column":8},"end":{"line":8,"column":24}},"4":{"start":{"line":9,"column":8},"end":{"line":9,"column":15}},"5":{"start":{"line":11,"column":8},"end":{"line":13,"column":75}},"6":{"start":{"line":17,"column":6},"end":{"line":17,"column":55}},"7":{"start":{"line":22,"column":2},"end":{"line":35,"column":3}},"8":{"start":{"line":29,"column":4},"end":{"line":29,"column":11}},"9":{"start":{"line":31,"column":4},"end":{"line":34,"column":7}},"10":{"start":{"line":39,"column":2},"end":{"line":56,"column":3}},"11":{"start":{"line":40,"column":4},"end":{"line":53,"column":9}},"12":{"start":{"line":43,"column":8},"end":{"line":49,"column":9}},"13":{"start":{"line":44,"column":10},"end":{"line":46,"column":13}},"14":{"start":{"line":48,"column":10},"end":{"line":48,"column":17}},"15":{"start":{"line":52,"column":8},"end":{"line":52,"column":57}},"16":{"start":{"line":55,"column":4},"end":{"line":55,"column":11}},"17":{"start":{"line":60,"column":2},"end":{"line":73,"column":3}},"18":{"start":{"line":67,"column":4},"end":{"line":67,"column":11}},"19":{"start":{"line":69,"column":4},"end":{"line":72,"column":7}},"20":{"start":{"line":76,"column":0},"end":{"line":81,"column":2}}},"fnMap":{"0":{"name":"validateUser","decl":{"start":{"line":3,"column":9},"end":{"line":3,"column":21}},"loc":{"start":{"line":3,"column":38},"end":{"line":19,"column":1}},"line":3},"1":{"name":"(anonymous_1)","decl":{"start":{"line":6,"column":10},"end":{"line":6,"column":11}},"loc":{"start":{"line":6,"column":18},"end":{"line":15,"column":5}},"line":6},"2":{"name":"(anonymous_2)","decl":{"start":{"line":16,"column":11},"end":{"line":16,"column":12}},"loc":{"start":{"line":16,"column":20},"end":{"line":18,"column":5}},"line":16},"3":{"name":"validateNewUser","decl":{"start":{"line":21,"column":9},"end":{"line":21,"column":24}},"loc":{"start":{"line":21,"column":41},"end":{"line":36,"column":1}},"line":21},"4":{"name":"validateDuplicateUser","decl":{"start":{"line":38,"column":9},"end":{"line":38,"column":30}},"loc":{"start":{"line":38,"column":47},"end":{"line":57,"column":1}},"line":38},"5":{"name":"(anonymous_5)","decl":{"start":{"line":42,"column":12},"end":{"line":42,"column":13}},"loc":{"start":{"line":42,"column":20},"end":{"line":50,"column":7}},"line":42},"6":{"name":"(anonymous_6)","decl":{"start":{"line":51,"column":13},"end":{"line":51,"column":14}},"loc":{"start":{"line":51,"column":22},"end":{"line":53,"column":7}},"line":51},"7":{"name":"validateUpdatedUser","decl":{"start":{"line":59,"column":9},"end":{"line":59,"column":28}},"loc":{"start":{"line":59,"column":45},"end":{"line":74,"column":1}},"line":59}},"branchMap":{"0":{"loc":{"start":{"line":7,"column":6},"end":{"line":14,"column":7}},"type":"if","locations":[{"start":{"line":7,"column":6},"end":{"line":14,"column":7}},{"start":{"line":7,"column":6},"end":{"line":14,"column":7}}],"line":7},"1":{"loc":{"start":{"line":22,"column":2},"end":{"line":35,"column":3}},"type":"if","locations":[{"start":{"line":22,"column":2},"end":{"line":35,"column":3}},{"start":{"line":22,"column":2},"end":{"line":35,"column":3}}],"line":22},"2":{"loc":{"start":{"line":23,"column":4},"end":{"line":27,"column":18}},"type":"binary-expr","locations":[{"start":{"line":23,"column":4},"end":{"line":23,"column":18}},{"start":{"line":24,"column":4},"end":{"line":24,"column":21}},{"start":{"line":25,"column":4},"end":{"line":25,"column":23}},{"start":{"line":26,"column":4},"end":{"line":26,"column":22}},{"start":{"line":27,"column":4},"end":{"line":27,"column":18}}],"line":23},"3":{"loc":{"start":{"line":39,"column":2},"end":{"line":56,"column":3}},"type":"if","locations":[{"start":{"line":39,"column":2},"end":{"line":56,"column":3}},{"start":{"line":39,"column":2},"end":{"line":56,"column":3}}],"line":39},"4":{"loc":{"start":{"line":43,"column":8},"end":{"line":49,"column":9}},"type":"if","locations":[{"start":{"line":43,"column":8},"end":{"line":49,"column":9}},{"start":{"line":43,"column":8},"end":{"line":49,"column":9}}],"line":43},"5":{"loc":{"start":{"line":60,"column":2},"end":{"line":73,"column":3}},"type":"if","locations":[{"start":{"line":60,"column":2},"end":{"line":73,"column":3}},{"start":{"line":60,"column":2},"end":{"line":73,"column":3}}],"line":60},"6":{"loc":{"start":{"line":61,"column":4},"end":{"line":65,"column":18}},"type":"binary-expr","locations":[{"start":{"line":61,"column":4},"end":{"line":61,"column":18}},{"start":{"line":62,"column":4},"end":{"line":62,"column":21}},{"start":{"line":63,"column":4},"end":{"line":63,"column":23}},{"start":{"line":64,"column":4},"end":{"line":64,"column":22}},{"start":{"line":65,"column":4},"end":{"line":65,"column":18}}],"line":61}},"s":{"0":4,"1":11,"2":11,"3":7,"4":7,"5":4,"6":0,"7":3,"8":2,"9":1,"10":4,"11":4,"12":4,"13":2,"14":2,"15":0,"16":0,"17":3,"18":2,"19":1,"20":4},"f":{"0":11,"1":11,"2":0,"3":3,"4":4,"5":4,"6":0,"7":3},"b":{"0":[7,4],"1":[2,1],"2":[3,3,3,3,3],"3":[4,0],"4":[2,2],"5":[2,1],"6":[3,1,1,1,1]},"_coverageSchema":"43e27e138ebf9cfc5966b082cf9a028302ed4184","hash":"18b634bc0fe24066f3efe34bd28a197d49df59e2"}
,"/Users/shaunorpen/Lambda/2019-11-18/users/usersModel.js": {"path":"/Users/shaunorpen/Lambda/2019-11-18/users/usersModel.js","statementMap":{"0":{"start":{"line":1,"column":11},"end":{"line":1,"column":42}},"1":{"start":{"line":2,"column":34},"end":{"line":2,"column":73}},"2":{"start":{"line":4,"column":0},"end":{"line":28,"column":2}},"3":{"start":{"line":6,"column":4},"end":{"line":6,"column":23}},"4":{"start":{"line":9,"column":4},"end":{"line":13,"column":9}},"5":{"start":{"line":12,"column":8},"end":{"line":12,"column":28}},"6":{"start":{"line":16,"column":4},"end":{"line":19,"column":32}},"7":{"start":{"line":19,"column":18},"end":{"line":19,"column":30}},"8":{"start":{"line":22,"column":4},"end":{"line":24,"column":13}}},"fnMap":{"0":{"name":"(anonymous_0)","decl":{"start":{"line":5,"column":15},"end":{"line":5,"column":16}},"loc":{"start":{"line":5,"column":21},"end":{"line":7,"column":3}},"line":5},"1":{"name":"(anonymous_1)","decl":{"start":{"line":8,"column":11},"end":{"line":8,"column":12}},"loc":{"start":{"line":8,"column":19},"end":{"line":14,"column":3}},"line":8},"2":{"name":"(anonymous_2)","decl":{"start":{"line":11,"column":12},"end":{"line":11,"column":13}},"loc":{"start":{"line":11,"column":22},"end":{"line":13,"column":7}},"line":11},"3":{"name":"(anonymous_3)","decl":{"start":{"line":15,"column":14},"end":{"line":15,"column":15}},"loc":{"start":{"line":15,"column":38},"end":{"line":20,"column":3}},"line":15},"4":{"name":"(anonymous_4)","decl":{"start":{"line":19,"column":12},"end":{"line":19,"column":13}},"loc":{"start":{"line":19,"column":18},"end":{"line":19,"column":30}},"line":19},"5":{"name":"(anonymous_5)","decl":{"start":{"line":21,"column":14},"end":{"line":21,"column":15}},"loc":{"start":{"line":21,"column":20},"end":{"line":25,"column":3}},"line":21}},"branchMap":{},"s":{"0":4,"1":4,"2":4,"3":1,"4":1,"5":1,"6":1,"7":1,"8":1},"f":{"0":1,"1":1,"2":1,"3":1,"4":1,"5":1},"b":{},"_coverageSchema":"43e27e138ebf9cfc5966b082cf9a028302ed4184","hash":"f022339f03403d211cd263513a68e2caeb30d957"}
,"/Users/shaunorpen/Lambda/2019-11-18/users/usersRouter.js": {"path":"/Users/shaunorpen/Lambda/2019-11-18/users/usersRouter.js","statementMap":{"0":{"start":{"line":1,"column":15},"end":{"line":1,"column":32}},"1":{"start":{"line":2,"column":16},"end":{"line":2,"column":34}},"2":{"start":{"line":3,"column":14},"end":{"line":3,"column":37}},"3":{"start":{"line":9,"column":4},"end":{"line":9,"column":32}},"4":{"start":{"line":10,"column":23},"end":{"line":10,"column":56}},"5":{"start":{"line":12,"column":15},"end":{"line":12,"column":31}},"6":{"start":{"line":14,"column":0},"end":{"line":23,"column":3}},"7":{"start":{"line":15,"column":2},"end":{"line":22,"column":7}},"8":{"start":{"line":18,"column":6},"end":{"line":18,"column":34}},"9":{"start":{"line":21,"column":6},"end":{"line":21,"column":55}},"10":{"start":{"line":25,"column":0},"end":{"line":27,"column":3}},"11":{"start":{"line":26,"column":2},"end":{"line":26,"column":33}},"12":{"start":{"line":29,"column":0},"end":{"line":45,"column":3}},"13":{"start":{"line":30,"column":15},"end":{"line":33,"column":3}},"14":{"start":{"line":34,"column":2},"end":{"line":44,"column":7}},"15":{"start":{"line":37,"column":6},"end":{"line":40,"column":9}},"16":{"start":{"line":43,"column":6},"end":{"line":43,"column":55}},"17":{"start":{"line":47,"column":0},"end":{"line":72,"column":2}},"18":{"start":{"line":54,"column":4},"end":{"line":59,"column":5}},"19":{"start":{"line":55,"column":6},"end":{"line":58,"column":8}},"20":{"start":{"line":60,"column":4},"end":{"line":70,"column":9}},"21":{"start":{"line":63,"column":8},"end":{"line":66,"column":11}},"22":{"start":{"line":69,"column":8},"end":{"line":69,"column":57}},"23":{"start":{"line":74,"column":0},"end":{"line":86,"column":3}},"24":{"start":{"line":75,"column":2},"end":{"line":85,"column":7}},"25":{"start":{"line":78,"column":6},"end":{"line":81,"column":9}},"26":{"start":{"line":84,"column":6},"end":{"line":84,"column":55}},"27":{"start":{"line":88,"column":0},"end":{"line":88,"column":24}}},"fnMap":{"0":{"name":"(anonymous_0)","decl":{"start":{"line":14,"column":28},"end":{"line":14,"column":29}},"loc":{"start":{"line":14,"column":42},"end":{"line":23,"column":1}},"line":14},"1":{"name":"(anonymous_1)","decl":{"start":{"line":17,"column":10},"end":{"line":17,"column":11}},"loc":{"start":{"line":17,"column":19},"end":{"line":19,"column":5}},"line":17},"2":{"name":"(anonymous_2)","decl":{"start":{"line":20,"column":11},"end":{"line":20,"column":12}},"loc":{"start":{"line":20,"column":20},"end":{"line":22,"column":5}},"line":20},"3":{"name":"(anonymous_3)","decl":{"start":{"line":25,"column":45},"end":{"line":25,"column":46}},"loc":{"start":{"line":25,"column":59},"end":{"line":27,"column":1}},"line":25},"4":{"name":"(anonymous_4)","decl":{"start":{"line":29,"column":57},"end":{"line":29,"column":58}},"loc":{"start":{"line":29,"column":71},"end":{"line":45,"column":1}},"line":29},"5":{"name":"(anonymous_5)","decl":{"start":{"line":36,"column":10},"end":{"line":36,"column":11}},"loc":{"start":{"line":36,"column":18},"end":{"line":41,"column":5}},"line":36},"6":{"name":"(anonymous_6)","decl":{"start":{"line":42,"column":11},"end":{"line":42,"column":12}},"loc":{"start":{"line":42,"column":20},"end":{"line":44,"column":5}},"line":42},"7":{"name":"(anonymous_7)","decl":{"start":{"line":53,"column":2},"end":{"line":53,"column":3}},"loc":{"start":{"line":53,"column":16},"end":{"line":71,"column":3}},"line":53},"8":{"name":"(anonymous_8)","decl":{"start":{"line":62,"column":12},"end":{"line":62,"column":13}},"loc":{"start":{"line":62,"column":20},"end":{"line":67,"column":7}},"line":62},"9":{"name":"(anonymous_9)","decl":{"start":{"line":68,"column":13},"end":{"line":68,"column":14}},"loc":{"start":{"line":68,"column":22},"end":{"line":70,"column":7}},"line":68},"10":{"name":"(anonymous_10)","decl":{"start":{"line":74,"column":48},"end":{"line":74,"column":49}},"loc":{"start":{"line":74,"column":62},"end":{"line":86,"column":1}},"line":74},"11":{"name":"(anonymous_11)","decl":{"start":{"line":77,"column":10},"end":{"line":77,"column":11}},"loc":{"start":{"line":77,"column":16},"end":{"line":82,"column":5}},"line":77},"12":{"name":"(anonymous_12)","decl":{"start":{"line":83,"column":11},"end":{"line":83,"column":12}},"loc":{"start":{"line":83,"column":20},"end":{"line":85,"column":5}},"line":83}},"branchMap":{"0":{"loc":{"start":{"line":54,"column":4},"end":{"line":59,"column":5}},"type":"if","locations":[{"start":{"line":54,"column":4},"end":{"line":59,"column":5}},{"start":{"line":54,"column":4},"end":{"line":59,"column":5}}],"line":54}},"s":{"0":4,"1":4,"2":4,"3":4,"4":4,"5":4,"6":4,"7":1,"8":1,"9":0,"10":4,"11":3,"12":4,"13":1,"14":1,"15":1,"16":0,"17":4,"18":1,"19":1,"20":1,"21":1,"22":0,"23":4,"24":1,"25":1,"26":0,"27":4},"f":{"0":1,"1":1,"2":0,"3":3,"4":1,"5":1,"6":0,"7":1,"8":1,"9":0,"10":1,"11":1,"12":0},"b":{"0":[1,0]},"_coverageSchema":"43e27e138ebf9cfc5966b082cf9a028302ed4184","hash":"ca70eee46f3e4a843eaafddbaba3c3a6ee66ee56"}
,"/Users/shaunorpen/Lambda/2019-11-18/votes/votesMiddleware.js": {"path":"/Users/shaunorpen/Lambda/2019-11-18/votes/votesMiddleware.js","statementMap":{"0":{"start":{"line":1,"column":14},"end":{"line":1,"column":44}},"1":{"start":{"line":2,"column":15},"end":{"line":2,"column":47}},"2":{"start":{"line":3,"column":14},"end":{"line":3,"column":37}},"3":{"start":{"line":6,"column":2},"end":{"line":20,"column":7}},"4":{"start":{"line":9,"column":6},"end":{"line":16,"column":7}},"5":{"start":{"line":10,"column":8},"end":{"line":10,"column":24}},"6":{"start":{"line":11,"column":8},"end":{"line":11,"column":15}},"7":{"start":{"line":13,"column":8},"end":{"line":15,"column":78}},"8":{"start":{"line":19,"column":6},"end":{"line":19,"column":55}},"9":{"start":{"line":24,"column":2},"end":{"line":38,"column":7}},"10":{"start":{"line":27,"column":6},"end":{"line":34,"column":7}},"11":{"start":{"line":28,"column":8},"end":{"line":28,"column":26}},"12":{"start":{"line":29,"column":8},"end":{"line":29,"column":15}},"13":{"start":{"line":31,"column":8},"end":{"line":33,"column":80}},"14":{"start":{"line":37,"column":6},"end":{"line":37,"column":55}},"15":{"start":{"line":42,"column":2},"end":{"line":48,"column":3}},"16":{"start":{"line":43,"column":4},"end":{"line":43,"column":11}},"17":{"start":{"line":45,"column":4},"end":{"line":47,"column":7}},"18":{"start":{"line":52,"column":2},"end":{"line":65,"column":7}},"19":{"start":{"line":55,"column":6},"end":{"line":61,"column":7}},"20":{"start":{"line":56,"column":8},"end":{"line":56,"column":15}},"21":{"start":{"line":58,"column":8},"end":{"line":60,"column":11}},"22":{"start":{"line":64,"column":6},"end":{"line":64,"column":55}},"23":{"start":{"line":69,"column":2},"end":{"line":82,"column":7}},"24":{"start":{"line":72,"column":6},"end":{"line":78,"column":7}},"25":{"start":{"line":73,"column":8},"end":{"line":75,"column":73}},"26":{"start":{"line":77,"column":8},"end":{"line":77,"column":15}},"27":{"start":{"line":81,"column":6},"end":{"line":81,"column":55}},"28":{"start":{"line":85,"column":0},"end":{"line":91,"column":2}}},"fnMap":{"0":{"name":"validateUser","decl":{"start":{"line":5,"column":9},"end":{"line":5,"column":21}},"loc":{"start":{"line":5,"column":38},"end":{"line":21,"column":1}},"line":5},"1":{"name":"(anonymous_1)","decl":{"start":{"line":8,"column":10},"end":{"line":8,"column":11}},"loc":{"start":{"line":8,"column":18},"end":{"line":17,"column":5}},"line":8},"2":{"name":"(anonymous_2)","decl":{"start":{"line":18,"column":11},"end":{"line":18,"column":12}},"loc":{"start":{"line":18,"column":20},"end":{"line":20,"column":5}},"line":18},"3":{"name":"validateIssue","decl":{"start":{"line":23,"column":9},"end":{"line":23,"column":22}},"loc":{"start":{"line":23,"column":39},"end":{"line":39,"column":1}},"line":23},"4":{"name":"(anonymous_4)","decl":{"start":{"line":26,"column":10},"end":{"line":26,"column":11}},"loc":{"start":{"line":26,"column":19},"end":{"line":35,"column":5}},"line":26},"5":{"name":"(anonymous_5)","decl":{"start":{"line":36,"column":11},"end":{"line":36,"column":12}},"loc":{"start":{"line":36,"column":20},"end":{"line":38,"column":5}},"line":36},"6":{"name":"validateNewVote","decl":{"start":{"line":41,"column":9},"end":{"line":41,"column":24}},"loc":{"start":{"line":41,"column":41},"end":{"line":49,"column":1}},"line":41},"7":{"name":"validateVote","decl":{"start":{"line":51,"column":9},"end":{"line":51,"column":21}},"loc":{"start":{"line":51,"column":38},"end":{"line":66,"column":1}},"line":51},"8":{"name":"(anonymous_8)","decl":{"start":{"line":54,"column":10},"end":{"line":54,"column":11}},"loc":{"start":{"line":54,"column":18},"end":{"line":62,"column":5}},"line":54},"9":{"name":"(anonymous_9)","decl":{"start":{"line":63,"column":11},"end":{"line":63,"column":12}},"loc":{"start":{"line":63,"column":20},"end":{"line":65,"column":5}},"line":63},"10":{"name":"checkDuplicate","decl":{"start":{"line":68,"column":9},"end":{"line":68,"column":23}},"loc":{"start":{"line":68,"column":40},"end":{"line":83,"column":1}},"line":68},"11":{"name":"(anonymous_11)","decl":{"start":{"line":71,"column":10},"end":{"line":71,"column":11}},"loc":{"start":{"line":71,"column":18},"end":{"line":79,"column":5}},"line":71},"12":{"name":"(anonymous_12)","decl":{"start":{"line":80,"column":11},"end":{"line":80,"column":12}},"loc":{"start":{"line":80,"column":20},"end":{"line":82,"column":5}},"line":80}},"branchMap":{"0":{"loc":{"start":{"line":9,"column":6},"end":{"line":16,"column":7}},"type":"if","locations":[{"start":{"line":9,"column":6},"end":{"line":16,"column":7}},{"start":{"line":9,"column":6},"end":{"line":16,"column":7}}],"line":9},"1":{"loc":{"start":{"line":27,"column":6},"end":{"line":34,"column":7}},"type":"if","locations":[{"start":{"line":27,"column":6},"end":{"line":34,"column":7}},{"start":{"line":27,"column":6},"end":{"line":34,"column":7}}],"line":27},"2":{"loc":{"start":{"line":42,"column":2},"end":{"line":48,"column":3}},"type":"if","locations":[{"start":{"line":42,"column":2},"end":{"line":48,"column":3}},{"start":{"line":42,"column":2},"end":{"line":48,"column":3}}],"line":42},"3":{"loc":{"start":{"line":42,"column":6},"end":{"line":42,"column":55}},"type":"binary-expr","locations":[{"start":{"line":42,"column":6},"end":{"line":42,"column":14}},{"start":{"line":42,"column":18},"end":{"line":42,"column":34}},{"start":{"line":42,"column":38},"end":{"line":42,"column":55}}],"line":42},"4":{"loc":{"start":{"line":55,"column":6},"end":{"line":61,"column":7}},"type":"if","locations":[{"start":{"line":55,"column":6},"end":{"line":61,"column":7}},{"start":{"line":55,"column":6},"end":{"line":61,"column":7}}],"line":55},"5":{"loc":{"start":{"line":72,"column":6},"end":{"line":78,"column":7}},"type":"if","locations":[{"start":{"line":72,"column":6},"end":{"line":78,"column":7}},{"start":{"line":72,"column":6},"end":{"line":78,"column":7}}],"line":72}},"s":{"0":4,"1":4,"2":4,"3":3,"4":3,"5":2,"6":2,"7":1,"8":0,"9":4,"10":4,"11":3,"12":3,"13":1,"14":0,"15":7,"16":6,"17":1,"18":2,"19":2,"20":1,"21":1,"22":0,"23":2,"24":2,"25":1,"26":1,"27":0,"28":4},"f":{"0":3,"1":3,"2":0,"3":4,"4":4,"5":0,"6":7,"7":2,"8":2,"9":0,"10":2,"11":2,"12":0},"b":{"0":[2,1],"1":[3,1],"2":[6,1],"3":[7,7,6],"4":[1,1],"5":[1,1]},"_coverageSchema":"43e27e138ebf9cfc5966b082cf9a028302ed4184","hash":"9b6c89c683ee958d5c54d09b1320c7d3a9bd8b4c"}
,"/Users/shaunorpen/Lambda/2019-11-18/votes/votesModel.js": {"path":"/Users/shaunorpen/Lambda/2019-11-18/votes/votesModel.js","statementMap":{"0":{"start":{"line":1,"column":11},"end":{"line":1,"column":42}},"1":{"start":{"line":4,"column":2},"end":{"line":4,"column":34}},"2":{"start":{"line":8,"column":2},"end":{"line":10,"column":11}},"3":{"start":{"line":14,"column":2},"end":{"line":14,"column":33}},"4":{"start":{"line":17,"column":0},"end":{"line":21,"column":2}}},"fnMap":{"0":{"name":"createVote","decl":{"start":{"line":3,"column":9},"end":{"line":3,"column":19}},"loc":{"start":{"line":3,"column":26},"end":{"line":5,"column":1}},"line":3},"1":{"name":"deleteVote","decl":{"start":{"line":7,"column":9},"end":{"line":7,"column":19}},"loc":{"start":{"line":7,"column":26},"end":{"line":11,"column":1}},"line":7},"2":{"name":"findVote","decl":{"start":{"line":13,"column":9},"end":{"line":13,"column":17}},"loc":{"start":{"line":13,"column":24},"end":{"line":15,"column":1}},"line":13}},"branchMap":{},"s":{"0":4,"1":1,"2":1,"3":4,"4":4},"f":{"0":1,"1":1,"2":4},"b":{},"_coverageSchema":"43e27e138ebf9cfc5966b082cf9a028302ed4184","hash":"72bc42ebb609500d65d74dcdb996ba32013ce79e"}
,"/Users/shaunorpen/Lambda/2019-11-18/votes/votesRouter.js": {"path":"/Users/shaunorpen/Lambda/2019-11-18/votes/votesRouter.js","statementMap":{"0":{"start":{"line":1,"column":16},"end":{"line":1,"column":34}},"1":{"start":{"line":2,"column":23},"end":{"line":2,"column":56}},"2":{"start":{"line":3,"column":14},"end":{"line":3,"column":37}},"3":{"start":{"line":10,"column":4},"end":{"line":10,"column":32}},"4":{"start":{"line":12,"column":15},"end":{"line":12,"column":31}},"5":{"start":{"line":14,"column":0},"end":{"line":31,"column":2}},"6":{"start":{"line":22,"column":4},"end":{"line":29,"column":9}},"7":{"start":{"line":25,"column":8},"end":{"line":25,"column":72}},"8":{"start":{"line":28,"column":8},"end":{"line":28,"column":57}},"9":{"start":{"line":33,"column":0},"end":{"line":42,"column":3}},"10":{"start":{"line":34,"column":2},"end":{"line":41,"column":7}},"11":{"start":{"line":37,"column":6},"end":{"line":37,"column":77}},"12":{"start":{"line":40,"column":6},"end":{"line":40,"column":55}},"13":{"start":{"line":44,"column":0},"end":{"line":44,"column":24}}},"fnMap":{"0":{"name":"(anonymous_0)","decl":{"start":{"line":21,"column":2},"end":{"line":21,"column":3}},"loc":{"start":{"line":21,"column":16},"end":{"line":30,"column":3}},"line":21},"1":{"name":"(anonymous_1)","decl":{"start":{"line":24,"column":12},"end":{"line":24,"column":13}},"loc":{"start":{"line":24,"column":18},"end":{"line":26,"column":7}},"line":24},"2":{"name":"(anonymous_2)","decl":{"start":{"line":27,"column":13},"end":{"line":27,"column":14}},"loc":{"start":{"line":27,"column":22},"end":{"line":29,"column":7}},"line":27},"3":{"name":"(anonymous_3)","decl":{"start":{"line":33,"column":62},"end":{"line":33,"column":63}},"loc":{"start":{"line":33,"column":76},"end":{"line":42,"column":1}},"line":33},"4":{"name":"(anonymous_4)","decl":{"start":{"line":36,"column":10},"end":{"line":36,"column":11}},"loc":{"start":{"line":36,"column":18},"end":{"line":38,"column":5}},"line":36},"5":{"name":"(anonymous_5)","decl":{"start":{"line":39,"column":11},"end":{"line":39,"column":12}},"loc":{"start":{"line":39,"column":20},"end":{"line":41,"column":5}},"line":39}},"branchMap":{},"s":{"0":4,"1":4,"2":4,"3":4,"4":4,"5":4,"6":1,"7":1,"8":0,"9":4,"10":1,"11":1,"12":0,"13":4},"f":{"0":1,"1":1,"2":0,"3":1,"4":1,"5":0},"b":{},"_coverageSchema":"43e27e138ebf9cfc5966b082cf9a028302ed4184","hash":"a437a123814a61309acc181d90455f2bc106e0b9"}
}
