TN:
SF:/Users/shaunorpen/Lambda/2019-11-18/knexfile.js
FN:16,(anonymous_0)
FN:35,(anonymous_1)
FNF:2
FNH:1
FNDA:4,(anonymous_0)
FNDA:0,(anonymous_1)
DA:1,4
DA:3,4
DA:17,4
DA:36,0
LF:4
LH:3
BRF:0
BRH:0
end_of_record
TN:
SF:/Users/shaunorpen/Lambda/2019-11-18/api/server.js
FN:38,(anonymous_0)
FNF:1
FNH:0
FNDA:0,(anonymous_0)
DA:1,4
DA:2,4
DA:3,4
DA:4,4
DA:5,4
DA:7,4
DA:8,4
DA:9,4
DA:10,4
DA:12,4
DA:26,4
DA:28,4
DA:29,4
DA:30,4
DA:31,4
DA:33,4
DA:34,4
DA:35,4
DA:36,4
DA:38,4
DA:39,0
DA:44,4
LF:22
LH:21
BRF:0
BRH:0
end_of_record
TN:
SF:/Users/shaunorpen/Lambda/2019-11-18/auth/authMiddleware.js
FN:4,validateLogin
FN:8,(anonymous_1)
FN:18,(anonymous_2)
FN:26,restricted
FNF:4
FNH:3
FNDA:8,validateLogin
FNDA:6,(anonymous_1)
FNDA:0,(anonymous_2)
FNDA:33,restricted
DA:1,4
DA:2,4
DA:5,8
DA:6,8
DA:7,6
DA:9,6
DA:10,4
DA:11,4
DA:13,2
DA:19,0
DA:22,2
DA:27,33
DA:28,24
DA:30,9
DA:34,4
LF:15
LH:14
BRDA:6,0,0,6
BRDA:6,0,1,2
BRDA:6,1,0,8
BRDA:6,1,1,7
BRDA:9,2,0,4
BRDA:9,2,1,2
BRDA:9,3,0,6
BRDA:9,3,1,5
BRDA:27,4,0,24
BRDA:27,4,1,9
BRDA:27,5,0,33
BRDA:27,5,1,33
BRF:12
BRH:12
end_of_record
TN:
SF:/Users/shaunorpen/Lambda/2019-11-18/auth/authModel.js
FNF:0
FNH:0
DA:1,4
DA:3,4
LF:2
LH:2
BRF:0
BRH:0
end_of_record
TN:
SF:/Users/shaunorpen/Lambda/2019-11-18/auth/authRouter.js
FN:6,(anonymous_0)
FN:13,(anonymous_1)
FN:15,(anonymous_2)
FNF:3
FNH:3
FNDA:4,(anonymous_0)
FNDA:2,(anonymous_1)
FNDA:2,(anonymous_2)
DA:1,4
DA:2,4
DA:4,4
DA:6,4
DA:7,4
DA:13,4
DA:14,2
DA:15,2
DA:16,2
DA:17,0
DA:19,2
DA:25,0
DA:29,4
LF:13
LH:11
BRDA:14,0,0,2
BRDA:14,0,1,0
BRDA:16,1,0,0
BRDA:16,1,1,2
BRF:4
BRH:2
end_of_record
TN:
SF:/Users/shaunorpen/Lambda/2019-11-18/database/dbConfig.js
FNF:0
FNH:0
DA:1,4
DA:2,4
DA:4,4
DA:6,4
LF:4
LH:4
BRF:0
BRH:0
end_of_record
TN:
SF:/Users/shaunorpen/Lambda/2019-11-18/database/utilityFunctions.js
FN:3,findByEmail
FN:9,findById
FNF:2
FNH:2
FNDA:10,findByEmail
FNDA:16,findById
DA:1,4
DA:4,10
DA:10,16
DA:16,4
LF:4
LH:4
BRF:0
BRH:0
end_of_record
TN:
SF:/Users/shaunorpen/Lambda/2019-11-18/database/seeds/00-cleanup.js
FN:1,(anonymous_0)
FNF:1
FNH:1
FNDA:4,(anonymous_0)
DA:1,4
DA:2,4
DA:6,4
DA:7,4
DA:8,3
LF:5
LH:5
BRDA:2,0,0,4
BRDA:2,0,1,0
BRDA:3,1,0,4
BRDA:3,1,1,0
BRF:4
BRH:2
end_of_record
TN:
SF:/Users/shaunorpen/Lambda/2019-11-18/database/seeds/01-users.js
FN:1,(anonymous_0)
FNF:1
FNH:1
FNDA:3,(anonymous_0)
DA:1,4
DA:2,3
LF:2
LH:2
BRF:0
BRH:0
end_of_record
TN:
SF:/Users/shaunorpen/Lambda/2019-11-18/database/seeds/02-issues.js
FN:1,(anonymous_0)
FNF:1
FNH:1
FNDA:3,(anonymous_0)
DA:1,4
DA:2,3
LF:2
LH:2
BRF:0
BRH:0
end_of_record
TN:
SF:/Users/shaunorpen/Lambda/2019-11-18/database/seeds/03-votes.js
FN:1,(anonymous_0)
FNF:1
FNH:1
FNDA:3,(anonymous_0)
DA:1,4
DA:2,3
LF:2
LH:2
BRF:0
BRH:0
end_of_record
TN:
SF:/Users/shaunorpen/Lambda/2019-11-18/issues/issuesMiddleware.js
FN:3,validateIssue
FN:6,(anonymous_1)
FN:16,(anonymous_2)
FN:21,validateNewIssue
FN:39,validateUpdatedIssue
FNF:5
FNH:4
FNDA:17,validateIssue
FNDA:17,(anonymous_1)
FNDA:0,(anonymous_2)
FNDA:2,validateNewIssue
FNDA:2,validateUpdatedIssue
DA:1,4
DA:4,17
DA:7,17
DA:8,15
DA:9,15
DA:11,2
DA:17,0
DA:22,2
DA:30,1
DA:32,1
DA:40,2
DA:50,1
DA:55,1
DA:59,4
LF:14
LH:13
BRDA:7,0,0,15
BRDA:7,0,1,2
BRDA:22,1,0,1
BRDA:22,1,1,1
BRDA:23,2,0,2
BRDA:23,2,1,2
BRDA:23,2,2,2
BRDA:23,2,3,2
BRDA:23,2,4,1
BRDA:23,2,5,1
BRDA:40,3,0,1
BRDA:40,3,1,1
BRDA:41,4,0,2
BRDA:41,4,1,2
BRDA:43,5,0,2
BRDA:43,5,1,2
BRDA:43,5,2,1
BRDA:43,5,3,1
BRDA:43,5,4,1
BRF:19
BRH:19
end_of_record
TN:
SF:/Users/shaunorpen/Lambda/2019-11-18/issues/issuesModel.js
FN:3,getIssueById
FN:22,(anonymous_1)
FN:51,(anonymous_2)
FN:54,(anonymous_3)
FN:56,(anonymous_4)
FN:60,(anonymous_5)
FN:62,(anonymous_6)
FN:67,(anonymous_7)
FNF:8
FNH:8
FNDA:23,getIssueById
FNDA:2,(anonymous_1)
FNDA:1,(anonymous_2)
FNDA:1,(anonymous_3)
FNDA:1,(anonymous_4)
FNDA:1,(anonymous_5)
FNDA:1,(anonymous_6)
FNDA:12,(anonymous_7)
DA:1,4
DA:4,23
DA:21,4
DA:23,2
DA:52,1
DA:54,1
DA:57,1
DA:60,1
DA:63,1
DA:68,12
LF:10
LH:10
BRF:0
BRH:0
end_of_record
TN:
SF:/Users/shaunorpen/Lambda/2019-11-18/issues/issuesRouter.js
FN:12,(anonymous_0)
FN:21,(anonymous_1)
FN:34,(anonymous_2)
FN:37,(anonymous_3)
FN:40,(anonymous_4)
FN:50,(anonymous_5)
FN:53,(anonymous_6)
FN:56,(anonymous_7)
FN:62,(anonymous_8)
FN:65,(anonymous_9)
FN:70,(anonymous_10)
FNF:11
FNH:8
FNDA:2,(anonymous_0)
FNDA:12,(anonymous_1)
FNDA:1,(anonymous_2)
FNDA:1,(anonymous_3)
FNDA:0,(anonymous_4)
FNDA:1,(anonymous_5)
FNDA:1,(anonymous_6)
FNDA:0,(anonymous_7)
FNDA:1,(anonymous_8)
FNDA:1,(anonymous_9)
FNDA:0,(anonymous_10)
DA:1,4
DA:2,4
DA:7,4
DA:8,4
DA:10,4
DA:12,4
DA:13,2
DA:14,2
DA:15,2
DA:17,0
DA:21,4
DA:22,12
DA:23,12
DA:24,12
DA:28,12
DA:30,0
DA:34,4
DA:35,1
DA:38,1
DA:41,0
DA:45,4
DA:51,1
DA:54,1
DA:57,0
DA:62,4
DA:63,1
DA:66,1
DA:71,0
DA:75,4
LF:29
LH:24
BRF:0
BRH:0
end_of_record
TN:
SF:/Users/shaunorpen/Lambda/2019-11-18/users/usersMiddleware.js
FN:3,validateUser
FN:6,(anonymous_1)
FN:16,(anonymous_2)
FN:21,validateNewUser
FN:38,validateDuplicateUser
FN:42,(anonymous_5)
FN:51,(anonymous_6)
FN:59,validateUpdatedUser
FNF:8
FNH:6
FNDA:11,validateUser
FNDA:11,(anonymous_1)
FNDA:0,(anonymous_2)
FNDA:3,validateNewUser
FNDA:4,validateDuplicateUser
FNDA:4,(anonymous_5)
FNDA:0,(anonymous_6)
FNDA:3,validateUpdatedUser
DA:1,4
DA:4,11
DA:7,11
DA:8,7
DA:9,7
DA:11,4
DA:17,0
DA:22,3
DA:29,2
DA:31,1
DA:39,4
DA:40,4
DA:43,4
DA:44,2
DA:48,2
DA:52,0
DA:55,0
DA:60,3
DA:67,2
DA:69,1
DA:76,4
LF:21
LH:18
BRDA:7,0,0,7
BRDA:7,0,1,4
BRDA:22,1,0,2
BRDA:22,1,1,1
BRDA:23,2,0,3
BRDA:23,2,1,3
BRDA:23,2,2,3
BRDA:23,2,3,3
BRDA:23,2,4,3
BRDA:39,3,0,4
BRDA:39,3,1,0
BRDA:43,4,0,2
BRDA:43,4,1,2
BRDA:60,5,0,2
BRDA:60,5,1,1
BRDA:61,6,0,3
BRDA:61,6,1,1
BRDA:61,6,2,1
BRDA:61,6,3,1
BRDA:61,6,4,1
BRF:20
BRH:19
end_of_record
TN:
SF:/Users/shaunorpen/Lambda/2019-11-18/users/usersModel.js
FN:5,(anonymous_0)
FN:8,(anonymous_1)
FN:11,(anonymous_2)
FN:15,(anonymous_3)
FN:19,(anonymous_4)
FN:21,(anonymous_5)
FNF:6
FNH:6
FNDA:1,(anonymous_0)
FNDA:1,(anonymous_1)
FNDA:1,(anonymous_2)
FNDA:1,(anonymous_3)
FNDA:1,(anonymous_4)
FNDA:1,(anonymous_5)
DA:1,4
DA:2,4
DA:4,4
DA:6,1
DA:9,1
DA:12,1
DA:16,1
DA:19,1
DA:22,1
LF:9
LH:9
BRF:0
BRH:0
end_of_record
TN:
SF:/Users/shaunorpen/Lambda/2019-11-18/users/usersRouter.js
FN:14,(anonymous_0)
FN:17,(anonymous_1)
FN:20,(anonymous_2)
FN:25,(anonymous_3)
FN:29,(anonymous_4)
FN:36,(anonymous_5)
FN:42,(anonymous_6)
FN:53,(anonymous_7)
FN:62,(anonymous_8)
FN:68,(anonymous_9)
FN:74,(anonymous_10)
FN:77,(anonymous_11)
FN:83,(anonymous_12)
FNF:13
FNH:9
FNDA:1,(anonymous_0)
FNDA:1,(anonymous_1)
FNDA:0,(anonymous_2)
FNDA:3,(anonymous_3)
FNDA:1,(anonymous_4)
FNDA:1,(anonymous_5)
FNDA:0,(anonymous_6)
FNDA:1,(anonymous_7)
FNDA:1,(anonymous_8)
FNDA:0,(anonymous_9)
FNDA:1,(anonymous_10)
FNDA:1,(anonymous_11)
FNDA:0,(anonymous_12)
DA:1,4
DA:2,4
DA:3,4
DA:9,4
DA:10,4
DA:12,4
DA:14,4
DA:15,1
DA:18,1
DA:21,0
DA:25,4
DA:26,3
DA:29,4
DA:30,1
DA:34,1
DA:37,1
DA:43,0
DA:47,4
DA:54,1
DA:55,1
DA:60,1
DA:63,1
DA:69,0
DA:74,4
DA:75,1
DA:78,1
DA:84,0
DA:88,4
LF:28
LH:24
BRDA:54,0,0,1
BRDA:54,0,1,0
BRF:2
BRH:1
end_of_record
TN:
SF:/Users/shaunorpen/Lambda/2019-11-18/votes/votesMiddleware.js
FN:5,validateUser
FN:8,(anonymous_1)
FN:18,(anonymous_2)
FN:23,validateIssue
FN:26,(anonymous_4)
FN:36,(anonymous_5)
FN:41,validateNewVote
FN:51,validateVote
FN:54,(anonymous_8)
FN:63,(anonymous_9)
FN:68,checkDuplicate
FN:71,(anonymous_11)
FN:80,(anonymous_12)
FNF:13
FNH:9
FNDA:3,validateUser
FNDA:3,(anonymous_1)
FNDA:0,(anonymous_2)
FNDA:4,validateIssue
FNDA:4,(anonymous_4)
FNDA:0,(anonymous_5)
FNDA:7,validateNewVote
FNDA:2,validateVote
FNDA:2,(anonymous_8)
FNDA:0,(anonymous_9)
FNDA:2,checkDuplicate
FNDA:2,(anonymous_11)
FNDA:0,(anonymous_12)
DA:1,4
DA:2,4
DA:3,4
DA:6,3
DA:9,3
DA:10,2
DA:11,2
DA:13,1
DA:19,0
DA:24,4
DA:27,4
DA:28,3
DA:29,3
DA:31,1
DA:37,0
DA:42,7
DA:43,6
DA:45,1
DA:52,2
DA:55,2
DA:56,1
DA:58,1
DA:64,0
DA:69,2
DA:72,2
DA:73,1
DA:77,1
DA:81,0
DA:85,4
LF:29
LH:25
BRDA:9,0,0,2
BRDA:9,0,1,1
BRDA:27,1,0,3
BRDA:27,1,1,1
BRDA:42,2,0,6
BRDA:42,2,1,1
BRDA:42,3,0,7
BRDA:42,3,1,7
BRDA:42,3,2,6
BRDA:55,4,0,1
BRDA:55,4,1,1
BRDA:72,5,0,1
BRDA:72,5,1,1
BRF:13
BRH:13
end_of_record
TN:
SF:/Users/shaunorpen/Lambda/2019-11-18/votes/votesModel.js
FN:3,createVote
FN:7,deleteVote
FN:13,findVote
FNF:3
FNH:3
FNDA:1,createVote
FNDA:1,deleteVote
FNDA:4,findVote
DA:1,4
DA:4,1
DA:8,1
DA:14,4
DA:17,4
LF:5
LH:5
BRF:0
BRH:0
end_of_record
TN:
SF:/Users/shaunorpen/Lambda/2019-11-18/votes/votesRouter.js
FN:21,(anonymous_0)
FN:24,(anonymous_1)
FN:27,(anonymous_2)
FN:33,(anonymous_3)
FN:36,(anonymous_4)
FN:39,(anonymous_5)
FNF:6
FNH:4
FNDA:1,(anonymous_0)
FNDA:1,(anonymous_1)
FNDA:0,(anonymous_2)
FNDA:1,(anonymous_3)
FNDA:1,(anonymous_4)
FNDA:0,(anonymous_5)
DA:1,4
DA:2,4
DA:3,4
DA:10,4
DA:12,4
DA:14,4
DA:22,1
DA:25,1
DA:28,0
DA:33,4
DA:34,1
DA:37,1
DA:40,0
DA:44,4
LF:14
LH:12
BRF:0
BRH:0
end_of_record
